0 info it worked if it ends with ok
1 verbose cli [ 'C:\\Program Files\\nodejs\\node.exe',
1 verbose cli   'C:\\Program Files\\nodejs\\node_modules\\npm\\bin\\npm-cli.js',
1 verbose cli   'start' ]
2 info using npm@4.0.2
3 info using node@v4.5.0
4 verbose run-script [ 'prestart', 'start', 'poststart' ]
5 info lifecycle sample-sonujs-blog@0.0.1~prestart: sample-sonujs-blog@0.0.1
6 silly lifecycle sample-sonujs-blog@0.0.1~prestart: no script for prestart, continuing
7 info lifecycle sample-sonujs-blog@0.0.1~start: sample-sonujs-blog@0.0.1
8 verbose lifecycle sample-sonujs-blog@0.0.1~start: unsafe-perm in lifecycle true
9 verbose lifecycle sample-sonujs-blog@0.0.1~start: PATH: C:\Program Files\nodejs\node_modules\npm\bin\node-gyp-bin;D:\Sonu\Github-projects-sonu\Angularjs-Nodejs-Express\node_modules\.bin;C:\Program Files\Microsoft Passport RPS\;c:\program files\graphicsmagick-1.3.20-q8;C:\ProgramData\Oracle\Java\javapath;C:\WINDOWS\system32;C:\WINDOWS;C:\WINDOWS\System32\Wbem;C:\WINDOWS\System32\WindowsPowerShell\v1.0\;C:\Program Files (x86)\Microsoft ASP.NET\ASP.NET Web Pages\v1.0\;C:\Program Files (x86)\Windows Kits\8.0\Windows Performance Toolkit\;C:\Program Files (x86)\Windows Kits\8.1\Windows Performance Toolkit\;C:\Program Files\Microsoft Network Monitor 3\;C:\Program Files (x86)\GtkSharp\2.12\bin;C:\Program Files (x86)\Microsoft SDKs\TypeScript\1.0\;C:\Program Files (x86)\Microsoft SQL Server\100\Tools\Binn\;C:\Program Files\Microsoft SQL Server\100\Tools\Binn\;C:\Program Files\Microsoft SQL Server\100\DTS\Binn\;C:\Program Files (x86)\ATI Technologies\ATI.ACE\Core-Static;C:\Program Files (x86)\Windows Kits\10\Windows Performance Toolkit\;C:\Program Files (x86)\Skype\Phone\;C:\Program Files (x86)\Microsoft SQL Server\110\Tools\Binn\;C:\Program Files\Microsoft SQL Server\110\Tools\Binn\;C:\Program Files\Microsoft SQL Server\110\DTS\Binn\;C:\Program Files (x86)\Microsoft SQL Server\110\Tools\Binn\ManagementStudio\;C:\Program Files (x86)\Microsoft SQL Server\110\DTS\Binn\;C:\WINDOWS\system32\config\systemprofile\.dnx\bin;C:\Program Files\Microsoft DNX\Dnvm\;C:\WINDOWS\system32;C:\WINDOWS;C:\WINDOWS\System32\Wbem;C:\WINDOWS\System32\WindowsPowerShell\v1.0\;C:\Program Files\Git\cmd;C:\Program Files\Microsoft SQL Server\130\Tools\Binn\;C:\Program Files\Microsoft\Web Platform Installer\;C:\Program Files\nodejs\;C:\Program Files\dotnet\;C:\Users\sjose\AppData\Roaming\npm;C:\Program Files (x86)\Microsoft VS Code\bin
10 verbose lifecycle sample-sonujs-blog@0.0.1~start: CWD: D:\Sonu\Github-projects-sonu\Angularjs-Nodejs-Express
11 silly lifecycle sample-sonujs-blog@0.0.1~start: Args: [ '/d /s /c', 'webpack && gulp' ]
12 silly lifecycle sample-sonujs-blog@0.0.1~start: Returned: code: 3221225786  signal: null
13 info lifecycle sample-sonujs-blog@0.0.1~start: Failed to exec start script
14 verbose stack Error: sample-sonujs-blog@0.0.1 start: `webpack && gulp`
14 verbose stack Exit status 3221225786
14 verbose stack     at EventEmitter.<anonymous> (C:\Program Files\nodejs\node_modules\npm\lib\utils\lifecycle.js:279:16)
14 verbose stack     at emitTwo (events.js:87:13)
14 verbose stack     at EventEmitter.emit (events.js:172:7)
14 verbose stack     at ChildProcess.<anonymous> (C:\Program Files\nodejs\node_modules\npm\lib\utils\spawn.js:40:14)
14 verbose stack     at emitTwo (events.js:87:13)
14 verbose stack     at ChildProcess.emit (events.js:172:7)
14 verbose stack     at maybeClose (internal/child_process.js:829:16)
14 verbose stack     at Process.ChildProcess._handle.onexit (internal/child_process.js:211:5)
15 verbose pkgid sample-sonujs-blog@0.0.1
16 verbose cwd D:\Sonu\Github-projects-sonu\Angularjs-Nodejs-Express
17 error Windows_NT 10.0.10586
18 error argv "C:\\Program Files\\nodejs\\node.exe" "C:\\Program Files\\nodejs\\node_modules\\npm\\bin\\npm-cli.js" "start"
19 error node v4.5.0
20 error npm  v4.0.2
21 error code ELIFECYCLE
22 error sample-sonujs-blog@0.0.1 start: `webpack && gulp`
22 error Exit status 3221225786
23 error Failed at the sample-sonujs-blog@0.0.1 start script 'webpack && gulp'.
23 error Make sure you have the latest version of node.js and npm installed.
23 error If you do, this is most likely a problem with the sample-sonujs-blog package,
23 error not with npm itself.
23 error Tell the author that this fails on your system:
23 error     webpack && gulp
23 error You can get information on how to open an issue for this project with:
23 error     npm bugs sample-sonujs-blog
23 error Or if that isn't available, you can get their info via:
23 error     npm owner ls sample-sonujs-blog
23 error There is likely additional logging output above.
24 verbose exit [ 1, true ]
